<?xml version="1.0" encoding="UTF-8"?>
<!-- Generated by org.testng.reporters.JUnitReportReporter -->
<testsuite hostname="Q15879" name="Com.ERP.Master.execcatng" tests="3" failures="0" timestamp="25 Aug 2016 10:59:17 GMT" time="28.355" errors="0">
  <testcase name="Categories" time="9.384" classname="Com.ERP.Master.execcatng"/>
  <testcase name="Categories" time="9.586" classname="Com.ERP.Master.execcatng"/>
  <testcase name="Categories" time="9.385" classname="Com.ERP.Master.execcatng"/>
</testsuite> <!-- Com.ERP.Master.execcatng -->
