<?xml version="1.0" encoding="UTF-8"?>
<!-- Generated by org.testng.reporters.JUnitReportReporter -->
<testsuite hostname="Q15879" name="Com.ERP.Master.testngdemo" tests="3" failures="0" timestamp="24 Aug 2016 10:31:44 GMT" time="0.019" errors="0">
  <testcase name="abc" time="0.001" classname="Com.ERP.Master.testngdemo"/>
  <testcase name="pqr" time="0.002" classname="Com.ERP.Master.testngdemo"/>
  <testcase name="xyz" time="0.016" classname="Com.ERP.Master.testngdemo"/>
</testsuite> <!-- Com.ERP.Master.testngdemo -->
