<?xml version="1.0" encoding="UTF-8"?>
<!-- Generated by org.testng.reporters.JUnitReportReporter -->
<testsuite hostname="Q15879" name="Com.ERP.Master.exectestng" tests="3" failures="0" timestamp="25 Aug 2016 10:36:07 GMT" time="27.210" errors="0">
  <testcase name="Uom" time="9.033" classname="Com.ERP.Master.exectestng"/>
  <testcase name="Uom" time="8.992" classname="Com.ERP.Master.exectestng"/>
  <testcase name="Uom" time="9.185" classname="Com.ERP.Master.exectestng"/>
</testsuite> <!-- Com.ERP.Master.exectestng -->
